[15-Aug-2025 05:24:26 Europe/Berlin] [DEBUG] routes/register.php START
[15-Aug-2025 05:24:35 Europe/Berlin] [DEBUG] routes/register.php START
[15-Aug-2025 05:24:35 Europe/Berlin] SMTP ERROR: Failed to connect to server: php_network_getaddresses: getaddrinfo failed: Host desconocido.  (0)
[15-Aug-2025 05:24:35 Europe/Berlin] SMTP Error: Could not connect to SMTP host. Failed to connect to server
[15-Aug-2025 05:24:35 Europe/Berlin] Error al enviar correo: SMTP Error: Could not connect to SMTP host. Failed to connect to server SMTP server error: Failed to connect to server Additional SMTP info: php_network_getaddresses: getaddrinfo failed: Host desconocido. 
[15-Aug-2025 05:24:46 Europe/Berlin] [DEBUG] routes/register.php START
[15-Aug-2025 05:32:44 Europe/Berlin] [DEBUG] routes/register.php START
[15-Aug-2025 05:32:44 Europe/Berlin] SMTP ERROR: Failed to connect to server: php_network_getaddresses: getaddrinfo failed: Host desconocido.  (0)
[15-Aug-2025 05:32:44 Europe/Berlin] SMTP Error: Could not connect to SMTP host. Failed to connect to server
[15-Aug-2025 05:32:44 Europe/Berlin] Error al enviar correo: SMTP Error: Could not connect to SMTP host. Failed to connect to server SMTP server error: Failed to connect to server Additional SMTP info: php_network_getaddresses: getaddrinfo failed: Host desconocido. 
[15-Aug-2025 05:36:31 Europe/Berlin] [DEBUG] routes/register.php START
[15-Aug-2025 05:36:31 Europe/Berlin] [EXCEPTION] {"ok":false,"type":"ParseError","error":"syntax error, unexpected token \"catch\"","file":"C:\\xampp\\htdocs\\Proyecto_de_aula\\Model\\Crud\\send_code.php","line":72}
[15-Aug-2025 05:37:24 Europe/Berlin] [DEBUG] routes/register.php START
[15-Aug-2025 05:37:25 Europe/Berlin] SMTP ERROR: Failed to connect to server: php_network_getaddresses: getaddrinfo failed: Host desconocido.  (0)
[15-Aug-2025 05:37:25 Europe/Berlin] SMTP Error: Could not connect to SMTP host. Failed to connect to server
[15-Aug-2025 05:37:25 Europe/Berlin] Error al enviar correo: SMTP Error: Could not connect to SMTP host. Failed to connect to server SMTP server error: Failed to connect to server Additional SMTP info: php_network_getaddresses: getaddrinfo failed: Host desconocido. 
[15-Aug-2025 05:41:05 Europe/Berlin] [DEBUG] routes/register.php START
[15-Aug-2025 05:41:05 Europe/Berlin] SERVER -> CLIENT: 220 smtp.gmail.com ESMTP 3f1490d57ef6-e9332644ea8sm155970276.13 - gsmtp

[15-Aug-2025 05:41:05 Europe/Berlin] CLIENT -> SERVER: EHLO localhost

[15-Aug-2025 05:41:05 Europe/Berlin] SERVER -> CLIENT: 250-smtp.gmail.com at your service, [2800:e2:4880:cd:181e:4749:610b:6fdc]
250-SIZE 35882577
250-8BITMIME
250-STARTTLS
250-ENHANCEDSTATUSCODES
250-PIPELINING
250-CHUNKING
250 SMTPUTF8

[15-Aug-2025 05:41:05 Europe/Berlin] CLIENT -> SERVER: STARTTLS

[15-Aug-2025 05:41:05 Europe/Berlin] SERVER -> CLIENT: 220 2.0.0 Ready to start TLS

[15-Aug-2025 05:41:05 Europe/Berlin] CLIENT -> SERVER: EHLO localhost

[15-Aug-2025 05:41:05 Europe/Berlin] SERVER -> CLIENT: 250-smtp.gmail.com at your service, [2800:e2:4880:cd:181e:4749:610b:6fdc]
250-SIZE 35882577
250-8BITMIME
250-AUTH LOGIN PLAIN XOAUTH2 PLAIN-CLIENTTOKEN OAUTHBEARER XOAUTH
250-ENHANCEDSTATUSCODES
250-PIPELINING
250-CHUNKING
250 SMTPUTF8

[15-Aug-2025 05:41:05 Europe/Berlin] CLIENT -> SERVER: AUTH LOGIN

[15-Aug-2025 05:41:05 Europe/Berlin] SERVER -> CLIENT: 334 VXNlcm5hbWU6

[15-Aug-2025 05:41:05 Europe/Berlin] CLIENT -> SERVER: [credentials hidden]
[15-Aug-2025 05:41:06 Europe/Berlin] SERVER -> CLIENT: 334 UGFzc3dvcmQ6

[15-Aug-2025 05:41:06 Europe/Berlin] CLIENT -> SERVER: [credentials hidden]
[15-Aug-2025 05:41:06 Europe/Berlin] SERVER -> CLIENT: 235 2.7.0 Accepted

[15-Aug-2025 05:41:06 Europe/Berlin] CLIENT -> SERVER: MAIL FROM:<delixiusistem@gmail.com>

[15-Aug-2025 05:41:06 Europe/Berlin] SERVER -> CLIENT: 250 2.1.0 OK 3f1490d57ef6-e9332644ea8sm155970276.13 - gsmtp

[15-Aug-2025 05:41:06 Europe/Berlin] CLIENT -> SERVER: RCPT TO:<apariciojuanesteban@gmail.com>

[15-Aug-2025 05:41:06 Europe/Berlin] SERVER -> CLIENT: 250 2.1.5 OK 3f1490d57ef6-e9332644ea8sm155970276.13 - gsmtp

[15-Aug-2025 05:41:06 Europe/Berlin] CLIENT -> SERVER: DATA

[15-Aug-2025 05:41:06 Europe/Berlin] SERVER -> CLIENT: 354 Go ahead 3f1490d57ef6-e9332644ea8sm155970276.13 - gsmtp

[15-Aug-2025 05:41:06 Europe/Berlin] CLIENT -> SERVER: Date: Fri, 15 Aug 2025 05:41:05 +0200

[15-Aug-2025 05:41:06 Europe/Berlin] CLIENT -> SERVER: To: apariciojuanesteban@gmail.com

[15-Aug-2025 05:41:06 Europe/Berlin] CLIENT -> SERVER: From: DelixiuSystem <delixiusistem@gmail.com>

[15-Aug-2025 05:41:06 Europe/Berlin] CLIENT -> SERVER: Subject: =?iso-8859-1?Q?C=C3=B3digo_de_verificaci=C3=B3n?=

[15-Aug-2025 05:41:06 Europe/Berlin] CLIENT -> SERVER: Message-ID: <8TXqxzAHHSkJ6pL59KNiZpHn68XOigrqi1bHv9bjvNo@localhost>

[15-Aug-2025 05:41:06 Europe/Berlin] CLIENT -> SERVER: X-Mailer: PHPMailer 6.9.3 (https://github.com/PHPMailer/PHPMailer)

[15-Aug-2025 05:41:06 Europe/Berlin] CLIENT -> SERVER: MIME-Version: 1.0

[15-Aug-2025 05:41:06 Europe/Berlin] CLIENT -> SERVER: Content-Type: multipart/alternative;

[15-Aug-2025 05:41:06 Europe/Berlin] CLIENT -> SERVER:  boundary="b1=_8TXqxzAHHSkJ6pL59KNiZpHn68XOigrqi1bHv9bjvNo"

[15-Aug-2025 05:41:06 Europe/Berlin] CLIENT -> SERVER: Content-Transfer-Encoding: 8bit

[15-Aug-2025 05:41:06 Europe/Berlin] CLIENT -> SERVER: 

[15-Aug-2025 05:41:06 Europe/Berlin] CLIENT -> SERVER: --b1=_8TXqxzAHHSkJ6pL59KNiZpHn68XOigrqi1bHv9bjvNo

[15-Aug-2025 05:41:06 Europe/Berlin] CLIENT -> SERVER: Content-Type: text/plain; charset=iso-8859-1

[15-Aug-2025 05:41:06 Europe/Berlin] CLIENT -> SERVER: Content-Transfer-Encoding: 8bit

[15-Aug-2025 05:41:06 Europe/Berlin] CLIENT -> SERVER: 

[15-Aug-2025 05:41:06 Europe/Berlin] CLIENT -> SERVER: Tu código de verificación es: 569924

[15-Aug-2025 05:41:06 Europe/Berlin] CLIENT -> SERVER: 

[15-Aug-2025 05:41:06 Europe/Berlin] CLIENT -> SERVER: --b1=_8TXqxzAHHSkJ6pL59KNiZpHn68XOigrqi1bHv9bjvNo

[15-Aug-2025 05:41:06 Europe/Berlin] CLIENT -> SERVER: Content-Type: text/html; charset=iso-8859-1

[15-Aug-2025 05:41:06 Europe/Berlin] CLIENT -> SERVER: Content-Transfer-Encoding: 8bit

[15-Aug-2025 05:41:06 Europe/Berlin] CLIENT -> SERVER: 

[15-Aug-2025 05:41:06 Europe/Berlin] CLIENT -> SERVER: Hola Juan,<br>Tu código de verificación es: <b>569924</b>

[15-Aug-2025 05:41:06 Europe/Berlin] CLIENT -> SERVER: 

[15-Aug-2025 05:41:06 Europe/Berlin] CLIENT -> SERVER: 

[15-Aug-2025 05:41:06 Europe/Berlin] CLIENT -> SERVER: --b1=_8TXqxzAHHSkJ6pL59KNiZpHn68XOigrqi1bHv9bjvNo--

[15-Aug-2025 05:41:06 Europe/Berlin] CLIENT -> SERVER: 

[15-Aug-2025 05:41:06 Europe/Berlin] CLIENT -> SERVER: .

[15-Aug-2025 05:41:07 Europe/Berlin] SERVER -> CLIENT: 250 2.0.0 OK  1755229266 3f1490d57ef6-e9332644ea8sm155970276.13 - gsmtp

[15-Aug-2025 05:41:07 Europe/Berlin] CLIENT -> SERVER: QUIT

[15-Aug-2025 05:41:07 Europe/Berlin] SERVER -> CLIENT: 221 2.0.0 closing connection 3f1490d57ef6-e9332644ea8sm155970276.13 - gsmtp

[15-Aug-2025 05:45:21 Europe/Berlin] [DEBUG] routes/register.php START
[15-Aug-2025 05:45:21 Europe/Berlin] SERVER -> CLIENT: 220 smtp.gmail.com ESMTP 3f1490d57ef6-e933288972esm149689276.36 - gsmtp

[15-Aug-2025 05:45:21 Europe/Berlin] CLIENT -> SERVER: EHLO localhost

[15-Aug-2025 05:45:21 Europe/Berlin] SERVER -> CLIENT: 250-smtp.gmail.com at your service, [2800:e2:4880:cd:181e:4749:610b:6fdc]
250-SIZE 35882577
250-8BITMIME
250-STARTTLS
250-ENHANCEDSTATUSCODES
250-PIPELINING
250-CHUNKING
250 SMTPUTF8

[15-Aug-2025 05:45:21 Europe/Berlin] CLIENT -> SERVER: STARTTLS

[15-Aug-2025 05:45:22 Europe/Berlin] SERVER -> CLIENT: 220 2.0.0 Ready to start TLS

[15-Aug-2025 05:45:22 Europe/Berlin] CLIENT -> SERVER: EHLO localhost

[15-Aug-2025 05:45:22 Europe/Berlin] SERVER -> CLIENT: 250-smtp.gmail.com at your service, [2800:e2:4880:cd:181e:4749:610b:6fdc]
250-SIZE 35882577
250-8BITMIME
250-AUTH LOGIN PLAIN XOAUTH2 PLAIN-CLIENTTOKEN OAUTHBEARER XOAUTH
250-ENHANCEDSTATUSCODES
250-PIPELINING
250-CHUNKING
250 SMTPUTF8

[15-Aug-2025 05:45:22 Europe/Berlin] CLIENT -> SERVER: AUTH LOGIN

[15-Aug-2025 05:45:22 Europe/Berlin] SERVER -> CLIENT: 334 VXNlcm5hbWU6

[15-Aug-2025 05:45:22 Europe/Berlin] CLIENT -> SERVER: [credentials hidden]
[15-Aug-2025 05:45:22 Europe/Berlin] SERVER -> CLIENT: 334 UGFzc3dvcmQ6

[15-Aug-2025 05:45:22 Europe/Berlin] CLIENT -> SERVER: [credentials hidden]
[15-Aug-2025 05:45:22 Europe/Berlin] SERVER -> CLIENT: 235 2.7.0 Accepted

[15-Aug-2025 05:45:22 Europe/Berlin] CLIENT -> SERVER: MAIL FROM:<delixiusistem@gmail.com>

[15-Aug-2025 05:45:22 Europe/Berlin] SERVER -> CLIENT: 250 2.1.0 OK 3f1490d57ef6-e933288972esm149689276.36 - gsmtp

[15-Aug-2025 05:45:22 Europe/Berlin] CLIENT -> SERVER: RCPT TO:<apariciojuanesteban@gmail.com>

[15-Aug-2025 05:45:22 Europe/Berlin] SERVER -> CLIENT: 250 2.1.5 OK 3f1490d57ef6-e933288972esm149689276.36 - gsmtp

[15-Aug-2025 05:45:22 Europe/Berlin] CLIENT -> SERVER: DATA

[15-Aug-2025 05:45:23 Europe/Berlin] SERVER -> CLIENT: 354 Go ahead 3f1490d57ef6-e933288972esm149689276.36 - gsmtp

[15-Aug-2025 05:45:23 Europe/Berlin] CLIENT -> SERVER: Date: Fri, 15 Aug 2025 05:45:21 +0200

[15-Aug-2025 05:45:23 Europe/Berlin] CLIENT -> SERVER: To: apariciojuanesteban@gmail.com

[15-Aug-2025 05:45:23 Europe/Berlin] CLIENT -> SERVER: From: DelixiuSystem <delixiusistem@gmail.com>

[15-Aug-2025 05:45:23 Europe/Berlin] CLIENT -> SERVER: Subject: =?iso-8859-1?Q?C=C3=B3digo_de_verificaci=C3=B3n?=

[15-Aug-2025 05:45:23 Europe/Berlin] CLIENT -> SERVER: Message-ID: <BS55M50dekTtsqRqZ0TaHWGuldeaP7uoitGB8oFJr8@localhost>

[15-Aug-2025 05:45:23 Europe/Berlin] CLIENT -> SERVER: X-Mailer: PHPMailer 6.9.3 (https://github.com/PHPMailer/PHPMailer)

[15-Aug-2025 05:45:23 Europe/Berlin] CLIENT -> SERVER: MIME-Version: 1.0

[15-Aug-2025 05:45:23 Europe/Berlin] CLIENT -> SERVER: Content-Type: multipart/alternative;

[15-Aug-2025 05:45:23 Europe/Berlin] CLIENT -> SERVER:  boundary="b1=_BS55M50dekTtsqRqZ0TaHWGuldeaP7uoitGB8oFJr8"

[15-Aug-2025 05:45:23 Europe/Berlin] CLIENT -> SERVER: Content-Transfer-Encoding: 8bit

[15-Aug-2025 05:45:23 Europe/Berlin] CLIENT -> SERVER: 

[15-Aug-2025 05:45:23 Europe/Berlin] CLIENT -> SERVER: --b1=_BS55M50dekTtsqRqZ0TaHWGuldeaP7uoitGB8oFJr8

[15-Aug-2025 05:45:23 Europe/Berlin] CLIENT -> SERVER: Content-Type: text/plain; charset=iso-8859-1

[15-Aug-2025 05:45:23 Europe/Berlin] CLIENT -> SERVER: Content-Transfer-Encoding: 8bit

[15-Aug-2025 05:45:23 Europe/Berlin] CLIENT -> SERVER: 

[15-Aug-2025 05:45:23 Europe/Berlin] CLIENT -> SERVER: Tu código de verificación es: 216602

[15-Aug-2025 05:45:23 Europe/Berlin] CLIENT -> SERVER: 

[15-Aug-2025 05:45:23 Europe/Berlin] CLIENT -> SERVER: --b1=_BS55M50dekTtsqRqZ0TaHWGuldeaP7uoitGB8oFJr8

[15-Aug-2025 05:45:23 Europe/Berlin] CLIENT -> SERVER: Content-Type: text/html; charset=iso-8859-1

[15-Aug-2025 05:45:23 Europe/Berlin] CLIENT -> SERVER: Content-Transfer-Encoding: 8bit

[15-Aug-2025 05:45:23 Europe/Berlin] CLIENT -> SERVER: 

[15-Aug-2025 05:45:23 Europe/Berlin] CLIENT -> SERVER: Hola Juan,<br>Tu código de verificación es: <b>216602</b>

[15-Aug-2025 05:45:23 Europe/Berlin] CLIENT -> SERVER: 

[15-Aug-2025 05:45:23 Europe/Berlin] CLIENT -> SERVER: 

[15-Aug-2025 05:45:23 Europe/Berlin] CLIENT -> SERVER: --b1=_BS55M50dekTtsqRqZ0TaHWGuldeaP7uoitGB8oFJr8--

[15-Aug-2025 05:45:23 Europe/Berlin] CLIENT -> SERVER: 

[15-Aug-2025 05:45:23 Europe/Berlin] CLIENT -> SERVER: .

[15-Aug-2025 05:45:23 Europe/Berlin] SERVER -> CLIENT: 250 2.0.0 OK  1755229522 3f1490d57ef6-e933288972esm149689276.36 - gsmtp

[15-Aug-2025 05:45:23 Europe/Berlin] CLIENT -> SERVER: QUIT

[15-Aug-2025 05:45:23 Europe/Berlin] SERVER -> CLIENT: 221 2.0.0 closing connection 3f1490d57ef6-e933288972esm149689276.36 - gsmtp

[15-Aug-2025 05:50:14 Europe/Berlin] [DEBUG] routes/register.php START
[15-Aug-2025 05:50:14 Europe/Berlin] SERVER -> CLIENT: 220 smtp.gmail.com ESMTP 00721157ae682-71e6def1b81sm1343787b3.35 - gsmtp

[15-Aug-2025 05:50:14 Europe/Berlin] CLIENT -> SERVER: EHLO localhost

[15-Aug-2025 05:50:14 Europe/Berlin] SERVER -> CLIENT: 250-smtp.gmail.com at your service, [2800:e2:4880:cd:181e:4749:610b:6fdc]
250-SIZE 35882577
250-8BITMIME
250-STARTTLS
250-ENHANCEDSTATUSCODES
250-PIPELINING
250-CHUNKING
250 SMTPUTF8

[15-Aug-2025 05:50:14 Europe/Berlin] CLIENT -> SERVER: STARTTLS

[15-Aug-2025 05:50:15 Europe/Berlin] SERVER -> CLIENT: 220 2.0.0 Ready to start TLS

[15-Aug-2025 05:50:15 Europe/Berlin] CLIENT -> SERVER: EHLO localhost

[15-Aug-2025 05:50:15 Europe/Berlin] SERVER -> CLIENT: 250-smtp.gmail.com at your service, [2800:e2:4880:cd:181e:4749:610b:6fdc]
250-SIZE 35882577
250-8BITMIME
250-AUTH LOGIN PLAIN XOAUTH2 PLAIN-CLIENTTOKEN OAUTHBEARER XOAUTH
250-ENHANCEDSTATUSCODES
250-PIPELINING
250-CHUNKING
250 SMTPUTF8

[15-Aug-2025 05:50:15 Europe/Berlin] CLIENT -> SERVER: AUTH LOGIN

[15-Aug-2025 05:50:15 Europe/Berlin] SERVER -> CLIENT: 334 VXNlcm5hbWU6

[15-Aug-2025 05:50:15 Europe/Berlin] CLIENT -> SERVER: [credentials hidden]
[15-Aug-2025 05:50:15 Europe/Berlin] SERVER -> CLIENT: 334 UGFzc3dvcmQ6

[15-Aug-2025 05:50:15 Europe/Berlin] CLIENT -> SERVER: [credentials hidden]
[15-Aug-2025 05:50:15 Europe/Berlin] SERVER -> CLIENT: 235 2.7.0 Accepted

[15-Aug-2025 05:50:15 Europe/Berlin] CLIENT -> SERVER: MAIL FROM:<delixiusistem@gmail.com>

[15-Aug-2025 05:50:15 Europe/Berlin] SERVER -> CLIENT: 250 2.1.0 OK 00721157ae682-71e6def1b81sm1343787b3.35 - gsmtp

[15-Aug-2025 05:50:15 Europe/Berlin] CLIENT -> SERVER: RCPT TO:<apariciojuanesteban@gmail.com>

[15-Aug-2025 05:50:15 Europe/Berlin] SERVER -> CLIENT: 250 2.1.5 OK 00721157ae682-71e6def1b81sm1343787b3.35 - gsmtp

[15-Aug-2025 05:50:15 Europe/Berlin] CLIENT -> SERVER: DATA

[15-Aug-2025 05:50:16 Europe/Berlin] SERVER -> CLIENT: 354 Go ahead 00721157ae682-71e6def1b81sm1343787b3.35 - gsmtp

[15-Aug-2025 05:50:16 Europe/Berlin] CLIENT -> SERVER: Date: Fri, 15 Aug 2025 05:50:14 +0200

[15-Aug-2025 05:50:16 Europe/Berlin] CLIENT -> SERVER: To: apariciojuanesteban@gmail.com

[15-Aug-2025 05:50:16 Europe/Berlin] CLIENT -> SERVER: From: DelixiuSystem <delixiusistem@gmail.com>

[15-Aug-2025 05:50:16 Europe/Berlin] CLIENT -> SERVER: Subject: =?iso-8859-1?Q?C=C3=B3digo_de_verificaci=C3=B3n?=

[15-Aug-2025 05:50:16 Europe/Berlin] CLIENT -> SERVER: Message-ID: <4v9IHQUvKGEpqpUtuRCLtQ7kymSBjObpSJnULvthE@localhost>

[15-Aug-2025 05:50:16 Europe/Berlin] CLIENT -> SERVER: X-Mailer: PHPMailer 6.9.3 (https://github.com/PHPMailer/PHPMailer)

[15-Aug-2025 05:50:16 Europe/Berlin] CLIENT -> SERVER: MIME-Version: 1.0

[15-Aug-2025 05:50:16 Europe/Berlin] CLIENT -> SERVER: Content-Type: multipart/alternative;

[15-Aug-2025 05:50:16 Europe/Berlin] CLIENT -> SERVER:  boundary="b1=_4v9IHQUvKGEpqpUtuRCLtQ7kymSBjObpSJnULvthE"

[15-Aug-2025 05:50:16 Europe/Berlin] CLIENT -> SERVER: Content-Transfer-Encoding: 8bit

[15-Aug-2025 05:50:16 Europe/Berlin] CLIENT -> SERVER: 

[15-Aug-2025 05:50:16 Europe/Berlin] CLIENT -> SERVER: --b1=_4v9IHQUvKGEpqpUtuRCLtQ7kymSBjObpSJnULvthE

[15-Aug-2025 05:50:16 Europe/Berlin] CLIENT -> SERVER: Content-Type: text/plain; charset=iso-8859-1

[15-Aug-2025 05:50:16 Europe/Berlin] CLIENT -> SERVER: Content-Transfer-Encoding: 8bit

[15-Aug-2025 05:50:16 Europe/Berlin] CLIENT -> SERVER: 

[15-Aug-2025 05:50:16 Europe/Berlin] CLIENT -> SERVER: Tu código de verificación es: 647733

[15-Aug-2025 05:50:16 Europe/Berlin] CLIENT -> SERVER: 

[15-Aug-2025 05:50:16 Europe/Berlin] CLIENT -> SERVER: --b1=_4v9IHQUvKGEpqpUtuRCLtQ7kymSBjObpSJnULvthE

[15-Aug-2025 05:50:16 Europe/Berlin] CLIENT -> SERVER: Content-Type: text/html; charset=iso-8859-1

[15-Aug-2025 05:50:16 Europe/Berlin] CLIENT -> SERVER: Content-Transfer-Encoding: 8bit

[15-Aug-2025 05:50:16 Europe/Berlin] CLIENT -> SERVER: 

[15-Aug-2025 05:50:16 Europe/Berlin] CLIENT -> SERVER: Hola Juan,<br>Tu código de verificación es: <b>647733</b>

[15-Aug-2025 05:50:16 Europe/Berlin] CLIENT -> SERVER: 

[15-Aug-2025 05:50:16 Europe/Berlin] CLIENT -> SERVER: 

[15-Aug-2025 05:50:16 Europe/Berlin] CLIENT -> SERVER: --b1=_4v9IHQUvKGEpqpUtuRCLtQ7kymSBjObpSJnULvthE--

[15-Aug-2025 05:50:16 Europe/Berlin] CLIENT -> SERVER: 

[15-Aug-2025 05:50:16 Europe/Berlin] CLIENT -> SERVER: .

[15-Aug-2025 05:50:16 Europe/Berlin] SERVER -> CLIENT: 250 2.0.0 OK  1755229815 00721157ae682-71e6def1b81sm1343787b3.35 - gsmtp

[15-Aug-2025 05:50:16 Europe/Berlin] CLIENT -> SERVER: QUIT

[15-Aug-2025 05:50:16 Europe/Berlin] SERVER -> CLIENT: 221 2.0.0 closing connection 00721157ae682-71e6def1b81sm1343787b3.35 - gsmtp

[15-Aug-2025 05:52:23 Europe/Berlin] [DEBUG] routes/register.php START
[15-Aug-2025 05:52:23 Europe/Berlin] Existe plantillaCodigo? No
[15-Aug-2025 05:52:23 Europe/Berlin] [EXCEPTION] {"ok":false,"type":"ErrorException","error":"Undefined variable $tplPath","file":"C:\\xampp\\htdocs\\Proyecto_de_aula\\Model\\Crud\\send_code.php","line":62}
[15-Aug-2025 05:54:47 Europe/Berlin] [DEBUG] routes/register.php START
[15-Aug-2025 05:56:27 Europe/Berlin] [DEBUG] routes/register.php START
[15-Aug-2025 05:58:59 Europe/Berlin] [DEBUG] routes/register.php START
[16-Aug-2025 02:21:58 Europe/Berlin] [DEBUG] routes/register.php START
[16-Aug-2025 02:22:32 Europe/Berlin] [DEBUG] routes/register.php START
[18-Aug-2025 20:39:48 Europe/Berlin] [DEBUG] routes/register.php START
[18-Aug-2025 21:35:31 Europe/Berlin] [DEBUG] routes/register.php START
[18-Aug-2025 21:36:34 Europe/Berlin] [DEBUG] routes/register.php START
[18-Aug-2025 21:39:57 Europe/Berlin] [DEBUG] routes/register.php START
[18-Aug-2025 21:52:19 Europe/Berlin] [DEBUG] routes/register.php START
