Array
(
    [POST] => Array
        (
            [nombre] => Platill x
            [precio] => 1211
            [id_categoria] => undefined
            [tiempo_preparacion] => 12
            [descripcion] => sadadadadada
            [ingredientes] => []
        )

    [FILES] => Array
        (
            [foto] => Array
                (
                    [name] => gato.jpg
                    [full_path] => gato.jpg
                    [type] => image/jpeg
                    [tmp_name] => C:\xampp\tmp\phpD793.tmp
                    [error] => 0
                    [size] => 9453
                )

        )

    [ingredientes] => []
    [decodificados] => Array
        (
        )

)
Array
(
    [POST] => Array
        (
            [nombre] => Platill x
            [precio] => 1211
            [id_categoria] => undefined
            [tiempo_preparacion] => 12
            [descripcion] => sadadadadada
            [ingredientes] => [{"id":"31","cantidad":3}]
        )

    [FILES] => Array
        (
            [foto] => Array
                (
                    [name] => gato.jpg
                    [full_path] => gato.jpg
                    [type] => image/jpeg
                    [tmp_name] => C:\xampp\tmp\phpAB0E.tmp
                    [error] => 0
                    [size] => 9453
                )

        )

    [ingredientes] => [{"id":"31","cantidad":3}]
    [decodificados] => Array
        (
            [0] => Array
                (
                    [id] => 31
                    [cantidad] => 3
                )

        )

)
Array
(
    [POST] => Array
        (
            [nombre] => Platill x
            [precio] => 1211
            [id_categoria] => undefined
            [tiempo_preparacion] => 12
            [descripcion] => sadadadadada
            [ingredientes] => [{"id":"31","cantidad":3}]
        )

    [FILES] => Array
        (
            [foto] => Array
                (
                    [name] => gato.jpg
                    [full_path] => gato.jpg
                    [type] => image/jpeg
                    [tmp_name] => C:\xampp\tmp\phpC1B4.tmp
                    [error] => 0
                    [size] => 9453
                )

        )

    [ingredientes] => [{"id":"31","cantidad":3}]
    [decodificados] => Array
        (
            [0] => Array
                (
                    [id] => 31
                    [cantidad] => 3
                )

        )

)
